2021-03-20 15:51:08.043 - Create display
> Start Eclipse 통합 개발 환경 사용자 인터페이스 [org.eclipse.ui.ide 3.18.0.v20201119-1132]
2021-03-20 15:51:08.123 - DBeaver 7.3.2.202101032114 is starting
2021-03-20 15:51:08.125 - OS: Windows 10 10.0 (amd64)
2021-03-20 15:51:08.125 - Java version: 11.0.5 by AdoptOpenJDK (64bit)
2021-03-20 15:51:08.126 - Install path: 'file:/C:/Program Files/DBeaver/'
2021-03-20 15:51:08.126 - Instance path: 'file:/C:/workspace_java/shoppingMall/.dbeaver/'
2021-03-20 15:51:08.126 - Memory available 64Mb/1024Mb
2021-03-20 15:51:08.139 - Starting RMI server at 28920
2021-03-20 15:51:08.207 - Run workbench
> Start Eclipse 통합 개발 환경 사용자 인터페이스 응용 프로그램 [org.eclipse.ui.ide.application 1.3.900.v20201102-2031]
> Start Eclipse e4 작업영역 SWT [org.eclipse.e4.ui.workbench.swt 0.15.0.v20201103-0952]
> Start Eclipse 컨텍스트 [org.eclipse.e4.core.contexts 1.8.400.v20191217-1710]
> Start Eclipse 응용 프로그램 서비스 [org.eclipse.e4.core.services 2.2.500.v20200928-2213]
> Start Eclipse 사용자 인터페이스 응용 프로그램 서비스 [org.eclipse.e4.ui.services 1.4.0.v20201014-0944]
> Start ICU4J Base [com.ibm.icu.base 58.2.0.v20170418-1837]
> Start EMF 공통 [org.eclipse.emf.common 2.21.0.v20200917-1439]
> Start EMF Ecore [org.eclipse.emf.ecore 2.23.0.v20200630-0516]
> Start EMF XML/XMI 퍼시스턴스 [org.eclipse.emf.ecore.xmi 2.16.0.v20190528-0725]
> Start Eclipse 사용자 인터페이스 의존성 삽입 [org.eclipse.e4.ui.di 1.2.900.v20201021-1339]
> Start Eclipse e4 작업영역 기능 추가 [org.eclipse.e4.ui.workbench.addons.swt 1.4.0.v20201119-1132]
> Start 표현식 언어 [org.eclipse.core.expressions 3.7.0.v20200720-1126]
Warning: NLS unused message: PerspectiveBarContributionItem_toolTip in: org.eclipse.ui.internal.messages
Warning: NLS unused message: PerspectiveBarNewContributionItem_toolTip in: org.eclipse.ui.internal.messages
Warning: NLS unused message: ViewsPreference_currentThemeDescription in: org.eclipse.ui.internal.messages
Warning: NLS unused message: ViewsPreference_enableAnimations in: org.eclipse.ui.internal.messages
Warning: NLS unused message: EditorManager_openNewEditorLabel in: org.eclipse.ui.internal.messages
Warning: NLS unused message: EditorManager_reuseEditorDialogTitle in: org.eclipse.ui.internal.messages
Warning: NLS unused message: Startup_Done in: org.eclipse.ui.internal.messages
Warning: NLS unused message: SystemSummary_featureVersion in: org.eclipse.ui.internal.messages
Warning: NLS unused message: SystemSummary_descriptorIdVersionState in: org.eclipse.ui.internal.messages
Warning: NLS unused message: RectangleAnimation_Animating_Rectangle in: org.eclipse.ui.internal.messages
Warning: NLS unused message: 이유 in: org.eclipse.ui.internal.messages
Warning: NLS unused message: TrimCommon_DockOn in: org.eclipse.ui.internal.messages
Warning: NLS unused message: TrimCommon_Left in: org.eclipse.ui.internal.messages
Warning: NLS unused message: TrimCommon_Right in: org.eclipse.ui.internal.messages
Warning: NLS unused message: TrimCommon_Bottom in: org.eclipse.ui.internal.messages
Warning: NLS unused message: TrimCommon_Top in: org.eclipse.ui.internal.messages
Warning: NLS unused message: TrimCommon_Close in: org.eclipse.ui.internal.messages
Warning: NLS unused message: TrimCommon_Progress_TrimName in: org.eclipse.ui.internal.messages
Warning: NLS unused message: Util_listNull in: org.eclipse.ui.internal.messages
> Start Eclipse e4 작업영역 SWT 렌더러 [org.eclipse.e4.ui.workbench.renderers.swt 0.15.0.v20201125-0918]
> Start Eclipse 바인딩 지원 [org.eclipse.e4.ui.bindings 0.13.0.v20201119-1132]
> Start Eclipse 의존성 삽입 확장 [org.eclipse.e4.core.di.extensions 0.16.0.v20200507-0938]
> Start Eclipse CSS SWT 지원 [org.eclipse.e4.ui.css.swt 0.14.0.v20201103-0952]
> Start Eclipse CSS SWT 테마 지원 [org.eclipse.e4.ui.css.swt.theme 0.13.0.v20201026-1147]
> Start DBeaver UI [org.jkiss.dbeaver.ui 5.1.63.202101032114]
2021-03-20 15:51:09.186 - Configure workbench window
> Start 도움말 시스템 코어 [org.eclipse.help 3.8.800.v20200525-0755]
2021-03-20 15:51:09.292 - Create actions
2021-03-20 15:51:09.299 - Disable Eclipse action set 'org.eclipse.ui.edit.text.actionSet.annotationNavigation'
2021-03-20 15:51:09.299 - Disable Eclipse action set 'org.eclipse.ui.WorkingSetActionSet'
Warning: NLS unused message: actions_ContentAssistTip_description in: org.jkiss.dbeaver.core.CoreResources
Warning: NLS unused message: actions_navigator__objects in: org.jkiss.dbeaver.core.CoreResources
Warning: NLS unused message: actions_navigator_copy_object_copy_node in: org.jkiss.dbeaver.core.CoreResources
Warning: NLS unused message: actions_navigator_copy_object_copy_objects in: org.jkiss.dbeaver.core.CoreResources
Warning: NLS unused message: actions_navigator_create_folder_error_message in: org.jkiss.dbeaver.core.CoreResources
Warning: NLS unused message: actions_navigator_create_folder_error_title in: org.jkiss.dbeaver.core.CoreResources
Warning: NLS unused message: actions_navigator_create_folder_folder_name in: org.jkiss.dbeaver.core.CoreResources
Warning: NLS unused message: actions_navigator_delete_objects in: org.jkiss.dbeaver.core.CoreResources
Warning: NLS unused message: actions_navigator_delete_script in: org.jkiss.dbeaver.core.CoreResources
Warning: NLS unused message: actions_navigator_error_dialog_delete_object_title in: org.jkiss.dbeaver.core.CoreResources
Warning: NLS unused message: actions_navigator_error_dialog_open_entity_title in: org.jkiss.dbeaver.core.CoreResources
Warning: NLS unused message: actions_navigator_error_dialog_open_resource_title in: org.jkiss.dbeaver.core.CoreResources
Warning: NLS unused message: actions_navigator_view_script_button in: org.jkiss.dbeaver.core.CoreResources
Warning: NLS unused message: confirm_order_resultset_message in: org.jkiss.dbeaver.core.CoreResources
Warning: NLS unused message: confirm_order_resultset_title in: org.jkiss.dbeaver.core.CoreResources
Warning: NLS unused message: confirm_order_resultset_toggleMessage in: org.jkiss.dbeaver.core.CoreResources
Warning: NLS unused message: controls_querylog_action_clear_log in: org.jkiss.dbeaver.core.CoreResources
Warning: NLS unused message: controls_querylog_action_copy in: org.jkiss.dbeaver.core.CoreResources
Warning: NLS unused message: controls_querylog_action_copy_all_fields in: org.jkiss.dbeaver.core.CoreResources
Warning: NLS unused message: controls_querylog_action_select_all in: org.jkiss.dbeaver.core.CoreResources
Warning: NLS unused message: controls_querylog_column_duration_name in: org.jkiss.dbeaver.core.CoreResources
Warning: NLS unused message: controls_querylog_column_duration_tooltip in: org.jkiss.dbeaver.core.CoreResources
Warning: NLS unused message: controls_querylog_column_result_name in: org.jkiss.dbeaver.core.CoreResources
Warning: NLS unused message: controls_querylog_column_result_tooltip in: org.jkiss.dbeaver.core.CoreResources
Warning: NLS unused message: controls_querylog_column_text_name in: org.jkiss.dbeaver.core.CoreResources
Warning: NLS unused message: controls_querylog_column_text_tooltip in: org.jkiss.dbeaver.core.CoreResources
Warning: NLS unused message: controls_querylog_column_time_name in: org.jkiss.dbeaver.core.CoreResources
Warning: NLS unused message: controls_querylog_column_time_tooltip in: org.jkiss.dbeaver.core.CoreResources
Warning: NLS unused message: controls_querylog_column_type_name in: org.jkiss.dbeaver.core.CoreResources
Warning: NLS unused message: controls_querylog_column_type_tooltip in: org.jkiss.dbeaver.core.CoreResources
Warning: NLS unused message: controls_querylog_format_minutes in: org.jkiss.dbeaver.core.CoreResources
Warning: NLS unused message: OpenWorkspaceAction_errorTitle in: org.eclipse.ui.internal.ide.messages
Warning: NLS unused message: OpenWorkspaceAction_errorMessage in: org.eclipse.ui.internal.ide.messages
Warning: NLS unused message: IDEApplication_workspaceInUse_Cancel in: org.eclipse.ui.internal.ide.messages
Warning: NLS unused message: QuickAccess_EnterSearch in: org.eclipse.ui.internal.quickaccess.messages
Warning: NLS unused message: QuickAccess_SelectedString in: org.eclipse.ui.internal.quickaccess.messages
2021-03-20 15:51:10.563 - Initialize workbench window
2021-03-20 15:51:10.567 - Finish initialization
> Start Equinox Provisioning 플랫폼 자동 업데이트 지원 [org.eclipse.equinox.p2.ui.sdk.scheduler 1.5.0.v20201012-1421]
> Start Equinox Provisioning 메타데이터 [org.eclipse.equinox.p2.metadata 2.5.100.v20200908-1020]
> Start Equinox Provisioning 업데이트 검사기 [org.eclipse.equinox.p2.updatechecker 1.2.300.v20200222-1600]
> Start DBeaver SQL Model [org.jkiss.dbeaver.model.sql 1.0.38.202101032114]
> Start DBeaver Firebird Support [org.jkiss.dbeaver.ext.firebird 1.0.149.202101032114]
> Start DBeaver MySQL Support [org.jkiss.dbeaver.ext.mysql 2.1.133.202101032114]
> Start DBeaver Oracle Support [org.jkiss.dbeaver.ext.oracle 2.1.133.202101032114]
> Start DBeaver PostgreSQL Support [org.jkiss.dbeaver.ext.postgresql 2.1.121.202101032114]
> Start DBeaver SQLite Support [org.jkiss.dbeaver.ext.sqlite 1.0.97.202101032114]
2021-03-20 15:51:11.138 - Total database drivers: 86 (86)
> Start 기본 문서 편집기 [org.eclipse.ui.editors 3.13.400.v20200923-1238]
> Start 텍스트 편집기 프레임워크 [org.eclipse.ui.workbench.texteditor 3.15.100.v20201116-1727]
> Start DBeaver UI Editors - Base [org.jkiss.dbeaver.ui.editors.base 1.0.48.202101032114]
> Start DBeaver UI Editors - SQL [org.jkiss.dbeaver.ui.editors.sql 1.0.48.202101032114]
Warning: NLS unused message: controls_resultset_viewer_action_reset_value in: org.jkiss.dbeaver.ui.controls.resultset.internal.ResultSetMessages
> Start DBeaver UI Editors - Data [org.jkiss.dbeaver.ui.editors.data 1.0.48.202101032114]
> Start DBeaver ERD UI [org.jkiss.dbeaver.erd.ui 3.0.8.202101032114]
> Start DBeaver ERD Model [org.jkiss.dbeaver.erd.model 1.0.8.202101032114]
> Start DBeaver Sample Database [org.jkiss.dbeaver.ext.sample.database 1.0.85.202101032114]
> Start DBeaver Tip of the day [org.jkiss.dbeaver.ext.ui.tipoftheday 1.0.54.202101032114]
2021-03-20 15:51:13.839 - Open [https://dbeaver.io/product/version.xml]
> Start DBeaver UI Editors - Connections [org.jkiss.dbeaver.ui.editors.connection 1.0.39.202101032114]
> Start DBeaver MySQL UI Support [org.jkiss.dbeaver.ext.mysql.ui 1.0.40.202101032114]
> Start Java Native Access [com.sun.jna 4.5.1.v20190425-1842]
> Start DBeaver SSH tunnels [org.jkiss.dbeaver.net.ssh.ui 1.0.69.202101032114]
> Start DBeaver SSH tunnels [org.jkiss.dbeaver.net.ssh 1.0.69.202101032114]
2021-03-20 15:51:20.806 - Service 'org.jkiss.dbeaver.runtime.ui.UIServiceSecurity' not found
> Start Equinox Java Authentication and Authorization Service (JAAS) [org.eclipse.equinox.security 1.3.500.v20200114-1637]
2021-03-20 15:51:26.319 - Connect with 'localhost' (mysql8-1784e670da6-44a1e459f568c253)
2021-03-20 15:51:26.342 - Execution context opened (localhost; Main; 0)
2021-03-20 15:51:26.469 - Open [https://repo1.maven.org/maven2/mysql/mysql-connector-java/8.0.17/mysql-connector-java-8.0.17.pom]
2021-03-20 15:51:27.118 - Open [https://repo1.maven.org/maven2/com/google/protobuf/protobuf-java/3.6.1/protobuf-java-3.6.1.pom]
2021-03-20 15:51:27.282 - Open [https://repo1.maven.org/maven2/com/google/protobuf/protobuf-parent/3.6.1/protobuf-parent-3.6.1.pom]
2021-03-20 15:51:27.447 - Open [https://repo1.maven.org/maven2/com/google/google/1/google-1.pom]
2021-03-20 15:51:28.503 - Open [https://repo1.maven.org/maven2/mysql/mysql-connector-java/8.0.17/mysql-connector-java-8.0.17.jar]
2021-03-20 15:51:29.664 - Open [https://repo1.maven.org/maven2/com/google/protobuf/protobuf-java/3.6.1/protobuf-java-3.6.1.jar]
2021-03-20 15:51:30.388 - Error connecting without serverTimezone. Trying to set serverTimezone=UTC. Original error: The server time zone value '????α? ????' is unrecognized or represents more than one time zone. You must configure either the server or JDBC driver (via the serverTimezone configuration property) to use a more specifc time zone value if you want to utilize time zone support.
2021-03-20 15:51:30.423 - Execution context opened (localhost; Metadata; 1)
2021-03-20 15:51:30.473 - Connected (mysql8-1784e670da6-44a1e459f568c253, MySQL Connector/J [mysql-connector-java-8.0.17 (Revision: 16a712ddb3f826a1933ab42b0039f7fb9eebc6ec)])
> Start Equinox Provisioning 핵심 [org.eclipse.equinox.p2.core 2.6.300.v20200211-1504]
> Start Equinox Provisioning 엔진 [org.eclipse.equinox.p2.engine 2.6.700.v20200511-1530]
> Start Equinox Provisioning 메타데이터 저장소 [org.eclipse.equinox.p2.metadata.repository 1.3.400.v20191211-1528]
> Start Equinox Provisioning 저장소 [org.eclipse.equinox.p2.repository 2.5.0.v20201013-0853]
> Start Equinox Provisioning 사용자 인터페이스 지원 [org.eclipse.equinox.p2.ui 2.6.100.v20200731-1005]
> Start DBeaver Generic Plug-in [org.jkiss.dbeaver.ext.generic 2.3.134.202101032114]
2021-03-20 15:59:37.933 - DBeaver is stopping
2021-03-20 15:59:37.933 - Stop RMI server
2021-03-20 15:59:37.935 - DBeaver shutdown completed
